{"/Users/johnathonregalado/programs/reactMatchGame/src/scoreContext.js": {"path":"/Users/johnathonregalado/programs/reactMatchGame/src/scoreContext.js","statementMap":{"0":{"start":{"line":3,"column":21},"end":{"line":3,"column":42}},"1":{"start":{"line":5,"column":22},"end":{"line":5,"column":43}},"2":{"start":{"line":6,"column":22},"end":{"line":6,"column":43}}},"fnMap":{},"branchMap":{},"s":{"0":3,"1":3,"2":3},"f":{},"b":{},"_coverageSchema":"43e27e138ebf9cfc5966b082cf9a028302ed4184","hash":"25c7eb799a48ce1c0453df640b2ececa7ce16001"}
,"/Users/johnathonregalado/programs/reactMatchGame/src/components/Board.js": {"path":"/Users/johnathonregalado/programs/reactMatchGame/src/components/Board.js","statementMap":{"0":{"start":{"line":10,"column":18},"end":{"line":21,"column":1}},"1":{"start":{"line":11,"column":20},"end":{"line":11,"column":39}},"2":{"start":{"line":12,"column":16},"end":{"line":12,"column":18}},"3":{"start":{"line":14,"column":2},"end":{"line":18,"column":3}},"4":{"start":{"line":14,"column":15},"end":{"line":14,"column":16}},"5":{"start":{"line":15,"column":4},"end":{"line":17,"column":6}},"6":{"start":{"line":20,"column":2},"end":{"line":20,"column":17}},"7":{"start":{"line":23,"column":15},"end":{"line":23,"column":17}},"8":{"start":{"line":24,"column":12},"end":{"line":24,"column":31}},"9":{"start":{"line":25,"column":14},"end":{"line":37,"column":1}},"10":{"start":{"line":26,"column":2},"end":{"line":36,"column":4}},"11":{"start":{"line":29,"column":8},"end":{"line":33,"column":10}}},"fnMap":{"0":{"name":"(anonymous_0)","decl":{"start":{"line":10,"column":18},"end":{"line":10,"column":19}},"loc":{"start":{"line":10,"column":27},"end":{"line":21,"column":1}},"line":10},"1":{"name":"(anonymous_1)","decl":{"start":{"line":25,"column":14},"end":{"line":25,"column":15}},"loc":{"start":{"line":25,"column":20},"end":{"line":37,"column":1}},"line":25},"2":{"name":"(anonymous_2)","decl":{"start":{"line":28,"column":7},"end":{"line":28,"column":8}},"loc":{"start":{"line":28,"column":18},"end":{"line":34,"column":7}},"line":28}},"branchMap":{"0":{"loc":{"start":{"line":31,"column":13},"end":{"line":31,"column":62}},"type":"cond-expr","locations":[{"start":{"line":31,"column":26},"end":{"line":31,"column":53}},{"start":{"line":31,"column":57},"end":{"line":31,"column":62}}],"line":31}},"s":{"0":1,"1":2,"2":2,"3":2,"4":2,"5":24,"6":2,"7":1,"8":1,"9":1,"10":1,"11":1},"f":{"0":2,"1":1,"2":1},"b":{"0":[0,1]},"_coverageSchema":"43e27e138ebf9cfc5966b082cf9a028302ed4184","hash":"d019d4b35dbdf1ea09e0d43a2e230bf9231cbe64"}
,"/Users/johnathonregalado/programs/reactMatchGame/src/components/Card.js": {"path":"/Users/johnathonregalado/programs/reactMatchGame/src/components/Card.js","statementMap":{"0":{"start":{"line":6,"column":14},"end":{"line":6,"column":16}},"1":{"start":{"line":10,"column":21},"end":{"line":15,"column":1}},"2":{"start":{"line":12,"column":2},"end":{"line":14,"column":4}},"3":{"start":{"line":20,"column":17},"end":{"line":67,"column":1}},"4":{"start":{"line":21,"column":13},"end":{"line":21,"column":32}},"5":{"start":{"line":24,"column":2},"end":{"line":26,"column":3}},"6":{"start":{"line":25,"column":4},"end":{"line":25,"column":11}},"7":{"start":{"line":28,"column":2},"end":{"line":30,"column":3}},"8":{"start":{"line":29,"column":4},"end":{"line":29,"column":11}},"9":{"start":{"line":32,"column":17},"end":{"line":32,"column":43}},"10":{"start":{"line":33,"column":18},"end":{"line":35,"column":3}},"11":{"start":{"line":34,"column":17},"end":{"line":34,"column":40}},"12":{"start":{"line":36,"column":2},"end":{"line":36,"column":38}},"13":{"start":{"line":37,"column":2},"end":{"line":41,"column":3}},"14":{"start":{"line":37,"column":33},"end":{"line":37,"column":47}},"15":{"start":{"line":40,"column":4},"end":{"line":40,"column":21}},"16":{"start":{"line":43,"column":2},"end":{"line":64,"column":3}},"17":{"start":{"line":44,"column":4},"end":{"line":63,"column":13}},"18":{"start":{"line":45,"column":6},"end":{"line":61,"column":7}},"19":{"start":{"line":46,"column":8},"end":{"line":53,"column":11}},"20":{"start":{"line":47,"column":10},"end":{"line":50,"column":12}},"21":{"start":{"line":51,"column":10},"end":{"line":51,"column":71}},"22":{"start":{"line":55,"column":8},"end":{"line":55,"column":28}},"23":{"start":{"line":57,"column":8},"end":{"line":59,"column":10}},"24":{"start":{"line":58,"column":10},"end":{"line":58,"column":58}},"25":{"start":{"line":62,"column":6},"end":{"line":62,"column":19}},"26":{"start":{"line":69,"column":13},"end":{"line":88,"column":1}},"27":{"start":{"line":70,"column":20},"end":{"line":70,"column":25}},"28":{"start":{"line":72,"column":2},"end":{"line":87,"column":4}},"29":{"start":{"line":75,"column":8},"end":{"line":84,"column":10}},"30":{"start":{"line":82,"column":32},"end":{"line":82,"column":54}}},"fnMap":{"0":{"name":"(anonymous_0)","decl":{"start":{"line":10,"column":21},"end":{"line":10,"column":22}},"loc":{"start":{"line":10,"column":34},"end":{"line":15,"column":1}},"line":10},"1":{"name":"(anonymous_1)","decl":{"start":{"line":20,"column":17},"end":{"line":20,"column":18}},"loc":{"start":{"line":20,"column":35},"end":{"line":67,"column":1}},"line":20},"2":{"name":"(anonymous_2)","decl":{"start":{"line":34,"column":4},"end":{"line":34,"column":5}},"loc":{"start":{"line":34,"column":17},"end":{"line":34,"column":40}},"line":34},"3":{"name":"(anonymous_3)","decl":{"start":{"line":37,"column":20},"end":{"line":37,"column":21}},"loc":{"start":{"line":37,"column":33},"end":{"line":37,"column":47}},"line":37},"4":{"name":"(anonymous_4)","decl":{"start":{"line":44,"column":22},"end":{"line":44,"column":23}},"loc":{"start":{"line":44,"column":28},"end":{"line":63,"column":5}},"line":44},"5":{"name":"(anonymous_5)","decl":{"start":{"line":46,"column":24},"end":{"line":46,"column":25}},"loc":{"start":{"line":46,"column":37},"end":{"line":53,"column":9}},"line":46},"6":{"name":"(anonymous_6)","decl":{"start":{"line":57,"column":24},"end":{"line":57,"column":25}},"loc":{"start":{"line":58,"column":10},"end":{"line":58,"column":58}},"line":58},"7":{"name":"(anonymous_7)","decl":{"start":{"line":69,"column":13},"end":{"line":69,"column":14}},"loc":{"start":{"line":69,"column":24},"end":{"line":88,"column":1}},"line":69},"8":{"name":"(anonymous_8)","decl":{"start":{"line":74,"column":7},"end":{"line":74,"column":8}},"loc":{"start":{"line":74,"column":18},"end":{"line":85,"column":7}},"line":74},"9":{"name":"(anonymous_9)","decl":{"start":{"line":82,"column":21},"end":{"line":82,"column":22}},"loc":{"start":{"line":82,"column":32},"end":{"line":82,"column":54}},"line":82}},"branchMap":{"0":{"loc":{"start":{"line":24,"column":2},"end":{"line":26,"column":3}},"type":"if","locations":[{"start":{"line":24,"column":2},"end":{"line":26,"column":3}},{"start":{"line":24,"column":2},"end":{"line":26,"column":3}}],"line":24},"1":{"loc":{"start":{"line":28,"column":2},"end":{"line":30,"column":3}},"type":"if","locations":[{"start":{"line":28,"column":2},"end":{"line":30,"column":3}},{"start":{"line":28,"column":2},"end":{"line":30,"column":3}}],"line":28},"2":{"loc":{"start":{"line":37,"column":2},"end":{"line":41,"column":3}},"type":"if","locations":[{"start":{"line":37,"column":2},"end":{"line":41,"column":3}},{"start":{"line":37,"column":2},"end":{"line":41,"column":3}}],"line":37},"3":{"loc":{"start":{"line":43,"column":2},"end":{"line":64,"column":3}},"type":"if","locations":[{"start":{"line":43,"column":2},"end":{"line":64,"column":3}},{"start":{"line":43,"column":2},"end":{"line":64,"column":3}}],"line":43},"4":{"loc":{"start":{"line":45,"column":6},"end":{"line":61,"column":7}},"type":"if","locations":[{"start":{"line":45,"column":6},"end":{"line":61,"column":7}},{"start":{"line":45,"column":6},"end":{"line":61,"column":7}}],"line":45}},"s":{"0":2,"1":2,"2":2,"3":2,"4":0,"5":0,"6":0,"7":0,"8":0,"9":0,"10":0,"11":0,"12":0,"13":0,"14":0,"15":0,"16":0,"17":0,"18":0,"19":0,"20":0,"21":0,"22":0,"23":0,"24":0,"25":0,"26":2,"27":13,"28":13,"29":13,"30":0},"f":{"0":2,"1":0,"2":0,"3":0,"4":0,"5":0,"6":0,"7":13,"8":13,"9":0},"b":{"0":[0,0],"1":[0,0],"2":[0,0],"3":[0,0],"4":[0,0]},"_coverageSchema":"43e27e138ebf9cfc5966b082cf9a028302ed4184","hash":"6c2b6e08c51695f2bd1529e5adb3cb6e1401bba2"}
,"/Users/johnathonregalado/programs/reactMatchGame/src/components/Score.js": {"path":"/Users/johnathonregalado/programs/reactMatchGame/src/components/Score.js","statementMap":{"0":{"start":{"line":4,"column":14},"end":{"line":23,"column":1}},"1":{"start":{"line":5,"column":2},"end":{"line":22,"column":4}},"2":{"start":{"line":8,"column":8},"end":{"line":19,"column":9}},"3":{"start":{"line":9,"column":10},"end":{"line":9,"column":49}},"4":{"start":{"line":11,"column":10},"end":{"line":18,"column":12}}},"fnMap":{"0":{"name":"(anonymous_0)","decl":{"start":{"line":4,"column":14},"end":{"line":4,"column":15}},"loc":{"start":{"line":4,"column":20},"end":{"line":23,"column":1}},"line":4},"1":{"name":"(anonymous_1)","decl":{"start":{"line":7,"column":7},"end":{"line":7,"column":8}},"loc":{"start":{"line":7,"column":18},"end":{"line":20,"column":7}},"line":7}},"branchMap":{"0":{"loc":{"start":{"line":8,"column":8},"end":{"line":19,"column":9}},"type":"if","locations":[{"start":{"line":8,"column":8},"end":{"line":19,"column":9}},{"start":{"line":8,"column":8},"end":{"line":19,"column":9}}],"line":8}},"s":{"0":1,"1":2,"2":2,"3":1,"4":1},"f":{"0":2,"1":2},"b":{"0":[1,1]},"_coverageSchema":"43e27e138ebf9cfc5966b082cf9a028302ed4184","hash":"02d85f4aa11d5c303e32cac1b20826e2e1d62ba4"}
,"/Users/johnathonregalado/programs/reactMatchGame/src/components/constants.js": {"path":"/Users/johnathonregalado/programs/reactMatchGame/src/components/constants.js","statementMap":{"0":{"start":{"line":1,"column":18},"end":{"line":53,"column":1}}},"fnMap":{},"branchMap":{},"s":{"0":2},"f":{},"b":{},"_coverageSchema":"43e27e138ebf9cfc5966b082cf9a028302ed4184","hash":"ed961a0073a63172a5899dc2d3ebeb6b75d313fd"}
,"/Users/johnathonregalado/programs/reactMatchGame/src/helperFunctions/getRandomInt.js": {"path":"/Users/johnathonregalado/programs/reactMatchGame/src/helperFunctions/getRandomInt.js","statementMap":{"0":{"start":{"line":3,"column":2},"end":{"line":3,"column":53}}},"fnMap":{"0":{"name":"getRandomInt","decl":{"start":{"line":2,"column":9},"end":{"line":2,"column":21}},"loc":{"start":{"line":2,"column":27},"end":{"line":4,"column":1}},"line":2}},"branchMap":{},"s":{"0":28},"f":{"0":28},"b":{},"_coverageSchema":"43e27e138ebf9cfc5966b082cf9a028302ed4184","hash":"a12c747c07885ea513454cb7449c87fe034a8972"}
,"/Users/johnathonregalado/programs/reactMatchGame/src/helperFunctions/randomizeArray.js": {"path":"/Users/johnathonregalado/programs/reactMatchGame/src/helperFunctions/randomizeArray.js","statementMap":{"0":{"start":{"line":4,"column":23},"end":{"line":18,"column":1}},"1":{"start":{"line":5,"column":16},"end":{"line":5,"column":18}},"2":{"start":{"line":6,"column":18},"end":{"line":6,"column":20}},"3":{"start":{"line":8,"column":2},"end":{"line":10,"column":3}},"4":{"start":{"line":8,"column":15},"end":{"line":8,"column":16}},"5":{"start":{"line":9,"column":4},"end":{"line":9,"column":22}},"6":{"start":{"line":13,"column":2},"end":{"line":15,"column":3}},"7":{"start":{"line":14,"column":4},"end":{"line":14,"column":73}},"8":{"start":{"line":17,"column":2},"end":{"line":17,"column":17}}},"fnMap":{"0":{"name":"(anonymous_0)","decl":{"start":{"line":4,"column":23},"end":{"line":4,"column":24}},"loc":{"start":{"line":4,"column":32},"end":{"line":18,"column":1}},"line":4}},"branchMap":{},"s":{"0":2,"1":3,"2":3,"3":3,"4":3,"5":27,"6":3,"7":27,"8":3},"f":{"0":3},"b":{},"_coverageSchema":"43e27e138ebf9cfc5966b082cf9a028302ed4184","hash":"9e467513e7f527baa99a519a94c5324008ec5d36"}
}
