TN:
SF:/Users/johnathonregalado/programs/reactMatchGame/src/scoreContext.js
FNF:0
FNH:0
DA:3,3
DA:5,3
DA:6,3
LF:3
LH:3
BRF:0
BRH:0
end_of_record
TN:
SF:/Users/johnathonregalado/programs/reactMatchGame/src/components/Board.js
FN:10,(anonymous_0)
FN:25,(anonymous_1)
FN:28,(anonymous_2)
FNF:3
FNH:3
FNDA:2,(anonymous_0)
FNDA:1,(anonymous_1)
FNDA:1,(anonymous_2)
DA:10,1
DA:11,2
DA:12,2
DA:14,2
DA:15,24
DA:20,2
DA:23,1
DA:24,1
DA:25,1
DA:26,1
DA:29,1
LF:11
LH:11
BRDA:31,0,0,0
BRDA:31,0,1,1
BRF:2
BRH:1
end_of_record
TN:
SF:/Users/johnathonregalado/programs/reactMatchGame/src/components/Card.js
FN:10,(anonymous_0)
FN:20,(anonymous_1)
FN:34,(anonymous_2)
FN:37,(anonymous_3)
FN:44,(anonymous_4)
FN:46,(anonymous_5)
FN:57,(anonymous_6)
FN:69,(anonymous_7)
FN:74,(anonymous_8)
FN:82,(anonymous_9)
FNF:10
FNH:3
FNDA:2,(anonymous_0)
FNDA:0,(anonymous_1)
FNDA:0,(anonymous_2)
FNDA:0,(anonymous_3)
FNDA:0,(anonymous_4)
FNDA:0,(anonymous_5)
FNDA:0,(anonymous_6)
FNDA:13,(anonymous_7)
FNDA:13,(anonymous_8)
FNDA:0,(anonymous_9)
DA:6,2
DA:10,2
DA:12,2
DA:20,2
DA:21,0
DA:24,0
DA:25,0
DA:28,0
DA:29,0
DA:32,0
DA:33,0
DA:34,0
DA:36,0
DA:37,0
DA:40,0
DA:43,0
DA:44,0
DA:45,0
DA:46,0
DA:47,0
DA:51,0
DA:55,0
DA:57,0
DA:58,0
DA:62,0
DA:69,2
DA:70,13
DA:72,13
DA:75,13
DA:82,0
LF:30
LH:8
BRDA:24,0,0,0
BRDA:24,0,1,0
BRDA:28,1,0,0
BRDA:28,1,1,0
BRDA:37,2,0,0
BRDA:37,2,1,0
BRDA:43,3,0,0
BRDA:43,3,1,0
BRDA:45,4,0,0
BRDA:45,4,1,0
BRF:10
BRH:0
end_of_record
TN:
SF:/Users/johnathonregalado/programs/reactMatchGame/src/components/Score.js
FN:4,(anonymous_0)
FN:7,(anonymous_1)
FNF:2
FNH:2
FNDA:2,(anonymous_0)
FNDA:2,(anonymous_1)
DA:4,1
DA:5,2
DA:8,2
DA:9,1
DA:11,1
LF:5
LH:5
BRDA:8,0,0,1
BRDA:8,0,1,1
BRF:2
BRH:2
end_of_record
TN:
SF:/Users/johnathonregalado/programs/reactMatchGame/src/components/constants.js
FNF:0
FNH:0
DA:1,2
LF:1
LH:1
BRF:0
BRH:0
end_of_record
TN:
SF:/Users/johnathonregalado/programs/reactMatchGame/src/helperFunctions/getRandomInt.js
FN:2,getRandomInt
FNF:1
FNH:1
FNDA:28,getRandomInt
DA:3,28
LF:1
LH:1
BRF:0
BRH:0
end_of_record
TN:
SF:/Users/johnathonregalado/programs/reactMatchGame/src/helperFunctions/randomizeArray.js
FN:4,(anonymous_0)
FNF:1
FNH:1
FNDA:3,(anonymous_0)
DA:4,2
DA:5,3
DA:6,3
DA:8,3
DA:9,27
DA:13,3
DA:14,27
DA:17,3
LF:8
LH:8
BRF:0
BRH:0
end_of_record
